Arguments: 
  C:\Program Files\nodejs\node.exe C:\Users\ahmed\AppData\Roaming\npm\node_modules\yarn\bin\yarn.js add axios

PATH: 
  C:\Windows\system32;C:\Windows;C:\Windows\System32\Wbem;C:\Windows\System32\WindowsPowerShell\v1.0\;C:\Windows\System32\OpenSSH\;C:\Program Files\Git\cmd;C:\Program Files\nodejs\;C:\MinGW\bin;C:\ProgramData\chocolatey\bin;C:\Program Files\MongoDB\Server\6.0\bin;C:\mongosh-1.6.2\bin;C:\Users\ahmed\AppData\Local\Microsoft\WindowsApps;C:\Users\ahmed\AppData\Local\Programs\Microsoft VS Code\bin;C:\Program Files\nodejs;C:\Users\ahmed\AppData\Roaming\npm;

Yarn version: 
  1.22.19

Node version: 
  18.12.1

Platform: 
  win32 x64

Trace: 
  Error: getaddrinfo ENOTFOUND registry.yarnpkg.com
      at GetAddrInfoReqWrap.onlookup [as oncomplete] (node:dns:107:26)

npm manifest: 
  {
    "name": "my-app",
    "version": "1.0.0",
    "main": "node_modules/expo/AppEntry.js",
    "scripts": {
      "start": "expo start",
      "android": "expo start --android",
      "ios": "expo start --ios",
      "web": "expo start --web"
    },
    "dependencies": {
      "@expo-google-fonts/allerta": "^0.2.2",
      "@expo-google-fonts/rubik": "^0.2.2",
      "@expo/webpack-config": "^0.17.2",
      "@react-navigation/drawer": "^6.5.5",
      "@react-navigation/native": "^6.0.16",
      "@react-navigation/native-stack": "^6.9.4",
      "expo": "~47.0.8",
      "expo-app-loading": "~2.1.1",
      "expo-font": "~11.0.1",
      "expo-navigation-bar": "~2.0.1",
      "expo-status-bar": "~1.4.2",
      "link": "^1.5.1",
      "react": "18.1.0",
      "react-dom": "^18.1.0",
      "react-native": "0.70.5",
      "react-native-gesture-handler": "^2.8.0",
      "react-native-linear-gradient": "^2.6.2",
      "react-native-numeric-input": "^1.9.1",
      "react-native-safe-area-context": "4.4.1",
      "react-native-screens": "^3.18.2",
      "react-native-web": "^0.18.10",
      "react-navigation": "^4.4.4",
      "react-native-reanimated": "~2.12.0"
    },
    "devDependencies": {
      "@babel/core": "^7.12.9"
    },
    "private": true
  }

yarn manifest: 
  No manifest

Lockfile: 
  No lockfile
